<?xml version="1.0" encoding="UTF-8"?>
<testng-results ignored="0" total="1" passed="1" failed="0" skipped="0">
  <reporter-output>
  </reporter-output>
  <suite started-at="2022-02-23T12:33:28 IST" name="com.testRestAssured.BasicTest" finished-at="2022-02-23T12:33:31 IST" duration-ms="3469">
    <groups>
    </groups>
    <test started-at="2022-02-23T12:33:28 IST" name="Command line test" finished-at="2022-02-23T12:33:31 IST" duration-ms="3469">
      <class name="com.testRestAssured.BasicTest">
        <test-method signature="sometest()[pri:0, instance:com.testRestAssured.BasicTest@7dc222ae]" started-at="2022-02-23T12:33:28 IST" name="sometest" finished-at="2022-02-23T12:33:31 IST" duration-ms="3398" status="PASS">
          <reporter-output>
          </reporter-output>
        </test-method> <!-- sometest -->
      </class> <!-- com.testRestAssured.BasicTest -->
    </test> <!-- Command line test -->
  </suite> <!-- com.testRestAssured.BasicTest -->
</testng-results>
